Line 18: Class MSDataGridLib.DataGrid of control DataGrid2 was not a loaded control class.
Line 438: Class MSDataListLib.DataCombo of control DCmboItem was not a loaded control class.
Line 453: Class MSDataGridLib.DataGrid of control DataGrid1 was not a loaded control class.
Line 24: The property name _ExtentX in DataGrid2 is invalid.
Line 25: The property name _ExtentY in DataGrid2 is invalid.
Line 26: The property name _Version in DataGrid2 is invalid.
Line 28: The property name HeadLines in DataGrid2 is invalid.
Line 29: The property name RowHeight in DataGrid2 is invalid.
Line 30: The property name FormatLocked in DataGrid2 is invalid.
Line 39: The property name HeadFont in DataGrid2 is invalid.
Line 49: The property name ColumnCount in DataGrid2 is invalid.
Line 62: The property name Column00 in DataGrid2 is invalid.
Line 75: The property name Column01 in DataGrid2 is invalid.
Line 88: The property name Column02 in DataGrid2 is invalid.
Line 101: The property name Column03 in DataGrid2 is invalid.
Line 114: The property name Column04 in DataGrid2 is invalid.
Line 127: The property name Column05 in DataGrid2 is invalid.
Line 140: The property name Column06 in DataGrid2 is invalid.
Line 153: The property name Column07 in DataGrid2 is invalid.
Line 166: The property name Column08 in DataGrid2 is invalid.
Line 179: The property name Column09 in DataGrid2 is invalid.
Line 192: The property name Column10 in DataGrid2 is invalid.
Line 205: The property name Column11 in DataGrid2 is invalid.
Line 218: The property name Column12 in DataGrid2 is invalid.
Line 231: The property name Column13 in DataGrid2 is invalid.
Line 232: The property name SplitCount in DataGrid2 is invalid.
Line 280: The property name Split0 in DataGrid2 is invalid.
Line 439: The property name Bindings in DCmboItem is invalid.
Line 447: The property name _ExtentX in DCmboItem is invalid.
Line 448: The property name _ExtentY in DCmboItem is invalid.
Line 449: The property name _Version in DCmboItem is invalid.
Line 450: The property name ListField in DCmboItem is invalid.
Line 451: The property name Text in DCmboItem is invalid.
Line 454: The property name Bindings in DataGrid1 is invalid.
Line 460: The property name _ExtentX in DataGrid1 is invalid.
Line 461: The property name _ExtentY in DataGrid1 is invalid.
Line 462: The property name _Version in DataGrid1 is invalid.
Line 464: The property name HeadLines in DataGrid1 is invalid.
Line 465: The property name RowHeight in DataGrid1 is invalid.
Line 466: The property name FormatLocked in DataGrid1 is invalid.
Line 475: The property name HeadFont in DataGrid1 is invalid.
Line 485: The property name ColumnCount in DataGrid1 is invalid.
Line 498: The property name Column00 in DataGrid1 is invalid.
Line 511: The property name Column01 in DataGrid1 is invalid.
Line 524: The property name Column02 in DataGrid1 is invalid.
Line 537: The property name Column03 in DataGrid1 is invalid.
Line 550: The property name Column04 in DataGrid1 is invalid.
Line 563: The property name Column05 in DataGrid1 is invalid.
Line 576: The property name Column06 in DataGrid1 is invalid.
Line 589: The property name Column07 in DataGrid1 is invalid.
Line 602: The property name Column08 in DataGrid1 is invalid.
Line 615: The property name Column09 in DataGrid1 is invalid.
Line 628: The property name Column10 in DataGrid1 is invalid.
Line 641: The property name Column11 in DataGrid1 is invalid.
Line 654: The property name Column12 in DataGrid1 is invalid.
Line 667: The property name Column13 in DataGrid1 is invalid.
Line 668: The property name SplitCount in DataGrid1 is invalid.
Line 716: The property name Split0 in DataGrid1 is invalid.
