Line 27: Class MSComctlLib.Toolbar of control Toolbar4 was not a loaded control class.
Line 614: Class MSComctlLib.Toolbar of control Toolbar3 was not a loaded control class.
Line 1089: Class MSComctlLib.Toolbar of control Toolbar2 was not a loaded control class.
Line 1194: Class MSComctlLib.Toolbar of control Toolbar1 was not a loaded control class.
Line 1238: Class MSComctlLib.ImageList of control ImageList1 was not a loaded control class.
Line 1280: Class MSAdodcLib.Adodc of control Adodc1 was not a loaded control class.
Line 35: The property name _ExtentX in Toolbar4 is invalid.
Line 36: The property name _ExtentY in Toolbar4 is invalid.
Line 37: The property name ButtonWidth in Toolbar4 is invalid.
Line 38: The property name ButtonHeight in Toolbar4 is invalid.
Line 40: The property name _Version in Toolbar4 is invalid.
Line 622: The property name _ExtentX in Toolbar3 is invalid.
Line 623: The property name _ExtentY in Toolbar3 is invalid.
Line 624: The property name ButtonWidth in Toolbar3 is invalid.
Line 625: The property name ButtonHeight in Toolbar3 is invalid.
Line 627: The property name _Version in Toolbar3 is invalid.
Line 1097: The property name _ExtentX in Toolbar2 is invalid.
Line 1098: The property name _ExtentY in Toolbar2 is invalid.
Line 1099: The property name ButtonWidth in Toolbar2 is invalid.
Line 1100: The property name ButtonHeight in Toolbar2 is invalid.
Line 1102: The property name _Version in Toolbar2 is invalid.
Line 1202: The property name _ExtentX in Toolbar1 is invalid.
Line 1203: The property name _ExtentY in Toolbar1 is invalid.
Line 1204: The property name ButtonWidth in Toolbar1 is invalid.
Line 1205: The property name ButtonHeight in Toolbar1 is invalid.
Line 1207: The property name TextAlignment in Toolbar1 is invalid.
Line 1208: The property name ImageList in Toolbar1 is invalid.
Line 1209: The property name _Version in Toolbar1 is invalid.
Line 1236: The property name Buttons in Toolbar1 is invalid.
Line 1241: The property name _ExtentX in ImageList1 is invalid.
Line 1242: The property name _ExtentY in ImageList1 is invalid.
Line 1244: The property name ImageWidth in ImageList1 is invalid.
Line 1245: The property name ImageHeight in ImageList1 is invalid.
Line 1246: The property name MaskColor in ImageList1 is invalid.
Line 1247: The property name _Version in ImageList1 is invalid.
Line 1278: The property name Images in ImageList1 is invalid.
Line 1286: The property name _ExtentX in Adodc1 is invalid.
Line 1287: The property name _ExtentY in Adodc1 is invalid.
Line 1288: The property name ConnectMode in Adodc1 is invalid.
Line 1289: The property name CursorLocation in Adodc1 is invalid.
Line 1290: The property name IsolationLevel in Adodc1 is invalid.
Line 1291: The property name ConnectionTimeout in Adodc1 is invalid.
Line 1292: The property name CommandTimeout in Adodc1 is invalid.
Line 1293: The property name CursorType in Adodc1 is invalid.
Line 1294: The property name LockType in Adodc1 is invalid.
Line 1295: The property name CommandType in Adodc1 is invalid.
Line 1296: The property name CursorOptions in Adodc1 is invalid.
Line 1297: The property name CacheSize in Adodc1 is invalid.
Line 1298: The property name MaxRecords in Adodc1 is invalid.
Line 1299: The property name BOFAction in Adodc1 is invalid.
Line 1300: The property name EOFAction in Adodc1 is invalid.
Line 1301: The property name ConnectStringType in Adodc1 is invalid.
Line 1305: The property name Orientation in Adodc1 is invalid.
Line 1307: The property name Connect in Adodc1 is invalid.
Line 1308: The property name OLEDBString in Adodc1 is invalid.
Line 1309: The property name OLEDBFile in Adodc1 is invalid.
Line 1310: The property name DataSourceName in Adodc1 is invalid.
Line 1311: The property name OtherAttributes in Adodc1 is invalid.
Line 1312: The property name UserName in Adodc1 is invalid.
Line 1313: The property name Password in Adodc1 is invalid.
Line 1314: The property name RecordSource in Adodc1 is invalid.
Line 1315: The property name Caption in Adodc1 is invalid.
Line 1325: The property name _Version in Adodc1 is invalid.
