Line 263: Class MSAdodcLib.Adodc of control Adodc1 was not a loaded control class.
Line 410: Class MSAdodcLib.Adodc of control Adodc2 was not a loaded control class.
Line 269: The property name _ExtentX in Adodc1 is invalid.
Line 270: The property name _ExtentY in Adodc1 is invalid.
Line 271: The property name ConnectMode in Adodc1 is invalid.
Line 272: The property name CursorLocation in Adodc1 is invalid.
Line 273: The property name IsolationLevel in Adodc1 is invalid.
Line 274: The property name ConnectionTimeout in Adodc1 is invalid.
Line 275: The property name CommandTimeout in Adodc1 is invalid.
Line 276: The property name CursorType in Adodc1 is invalid.
Line 277: The property name LockType in Adodc1 is invalid.
Line 278: The property name CommandType in Adodc1 is invalid.
Line 279: The property name CursorOptions in Adodc1 is invalid.
Line 280: The property name CacheSize in Adodc1 is invalid.
Line 281: The property name MaxRecords in Adodc1 is invalid.
Line 282: The property name BOFAction in Adodc1 is invalid.
Line 283: The property name EOFAction in Adodc1 is invalid.
Line 284: The property name ConnectStringType in Adodc1 is invalid.
Line 288: The property name Orientation in Adodc1 is invalid.
Line 290: The property name Connect in Adodc1 is invalid.
Line 291: The property name OLEDBString in Adodc1 is invalid.
Line 292: The property name OLEDBFile in Adodc1 is invalid.
Line 293: The property name DataSourceName in Adodc1 is invalid.
Line 294: The property name OtherAttributes in Adodc1 is invalid.
Line 295: The property name UserName in Adodc1 is invalid.
Line 296: The property name Password in Adodc1 is invalid.
Line 297: The property name RecordSource in Adodc1 is invalid.
Line 298: The property name Caption in Adodc1 is invalid.
Line 308: The property name _Version in Adodc1 is invalid.
Line 416: The property name _ExtentX in Adodc2 is invalid.
Line 417: The property name _ExtentY in Adodc2 is invalid.
Line 418: The property name ConnectMode in Adodc2 is invalid.
Line 419: The property name CursorLocation in Adodc2 is invalid.
Line 420: The property name IsolationLevel in Adodc2 is invalid.
Line 421: The property name ConnectionTimeout in Adodc2 is invalid.
Line 422: The property name CommandTimeout in Adodc2 is invalid.
Line 423: The property name CursorType in Adodc2 is invalid.
Line 424: The property name LockType in Adodc2 is invalid.
Line 425: The property name CommandType in Adodc2 is invalid.
Line 426: The property name CursorOptions in Adodc2 is invalid.
Line 427: The property name CacheSize in Adodc2 is invalid.
Line 428: The property name MaxRecords in Adodc2 is invalid.
Line 429: The property name BOFAction in Adodc2 is invalid.
Line 430: The property name EOFAction in Adodc2 is invalid.
Line 431: The property name ConnectStringType in Adodc2 is invalid.
Line 435: The property name Orientation in Adodc2 is invalid.
Line 437: The property name Connect in Adodc2 is invalid.
Line 438: The property name OLEDBString in Adodc2 is invalid.
Line 439: The property name OLEDBFile in Adodc2 is invalid.
Line 440: The property name DataSourceName in Adodc2 is invalid.
Line 441: The property name OtherAttributes in Adodc2 is invalid.
Line 442: The property name UserName in Adodc2 is invalid.
Line 443: The property name Password in Adodc2 is invalid.
Line 444: The property name RecordSource in Adodc2 is invalid.
Line 445: The property name Caption in Adodc2 is invalid.
Line 455: The property name _Version in Adodc2 is invalid.
