Line 22: Class MSDataListLib.DataCombo of control DataCombo1 was not a loaded control class.
Line 85: Class MSAdodcLib.Adodc of control Adodc1 was not a loaded control class.
Line 23: The property name Bindings in DataCombo1 is invalid.
Line 29: The property name _ExtentX in DataCombo1 is invalid.
Line 30: The property name _ExtentY in DataCombo1 is invalid.
Line 31: The property name _Version in DataCombo1 is invalid.
Line 33: The property name ListField in DataCombo1 is invalid.
Line 34: The property name Text in DataCombo1 is invalid.
Line 91: The property name _ExtentX in Adodc1 is invalid.
Line 92: The property name _ExtentY in Adodc1 is invalid.
Line 93: The property name ConnectMode in Adodc1 is invalid.
Line 94: The property name CursorLocation in Adodc1 is invalid.
Line 95: The property name IsolationLevel in Adodc1 is invalid.
Line 96: The property name ConnectionTimeout in Adodc1 is invalid.
Line 97: The property name CommandTimeout in Adodc1 is invalid.
Line 98: The property name CursorType in Adodc1 is invalid.
Line 99: The property name LockType in Adodc1 is invalid.
Line 100: The property name CommandType in Adodc1 is invalid.
Line 101: The property name CursorOptions in Adodc1 is invalid.
Line 102: The property name CacheSize in Adodc1 is invalid.
Line 103: The property name MaxRecords in Adodc1 is invalid.
Line 104: The property name BOFAction in Adodc1 is invalid.
Line 105: The property name EOFAction in Adodc1 is invalid.
Line 106: The property name ConnectStringType in Adodc1 is invalid.
Line 110: The property name Orientation in Adodc1 is invalid.
Line 112: The property name Connect in Adodc1 is invalid.
Line 113: The property name OLEDBString in Adodc1 is invalid.
Line 114: The property name OLEDBFile in Adodc1 is invalid.
Line 115: The property name DataSourceName in Adodc1 is invalid.
Line 116: The property name OtherAttributes in Adodc1 is invalid.
Line 117: The property name UserName in Adodc1 is invalid.
Line 118: The property name Password in Adodc1 is invalid.
Line 119: The property name RecordSource in Adodc1 is invalid.
Line 120: The property name Caption in Adodc1 is invalid.
Line 130: The property name _Version in Adodc1 is invalid.
